生成启动时间为 2013/12/20 15:36:13。
     1>项目“D:\Documents\Visual Studio 2008\Projects\DeviceManageSystem\DeviceManageSystem\DeviceManageSystem.vcxproj”在节点 2 上(Build 个目标)。
     1>ClCompile:
         C:\Program Files (x86)\Microsoft Visual Studio 11.0\VC\bin\CL.exe /c /ZI /nologo /W3 /WX- /Od /Oy- /D WIN32 /D _WINDOWS /D _DEBUG /D _MBCS /D _AFXDLL /Gm /EHsc /RTC1 /MDd /GS /fp:precise /Zc:wchar_t /Zc:forScope /Yu"stdafx.h" /Fp"Debug\DeviceManageSystem.pch" /Fo"Debug\\" /Fd"Debug\vc110.pdb" /Gd /TP /analyze- /errorReport:prompt MyDialog.cpp MySocket.cpp
         MySocket.cpp
         MyDialog.cpp
         正在生成代码...
       Link:
         C:\Program Files (x86)\Microsoft Visual Studio 11.0\VC\bin\link.exe /ERRORREPORT:PROMPT /OUT:"D:\Documents\Visual Studio 2008\Projects\DeviceManageSystem\Debug\DeviceManageSystem.exe" /INCREMENTAL /NOLOGO /MANIFEST /MANIFESTUAC:"level='asInvoker' uiAccess='false'" /manifest:embed /manifestinput:"C:\Program Files (x86)\Microsoft Visual Studio 11.0\VC\Include\Manifest\dpiaware.manifest" /DEBUG /PDB:"D:\Documents\Visual Studio 2008\Projects\DeviceManageSystem\Debug\DeviceManageSystem.pdb" /SUBSYSTEM:WINDOWS /TLBID:1 /DYNAMICBASE /NXCOMPAT /IMPLIB:"D:\Documents\Visual Studio 2008\Projects\DeviceManageSystem\Debug\DeviceManageSystem.lib" /MACHINE:X86 /SAFESEH Debug\DeviceManageSystem.res
         Debug\DeviceManageSystem.obj
         Debug\DeviceManageSystemDlg.obj
         Debug\DlgTab1.obj
         Debug\DlgTab2.obj
         Debug\MyDialog.obj
         Debug\MyLogin.obj
         Debug\MySocket.obj
         Debug\stdafx.obj
         DeviceManageSystem.vcxproj -> D:\Documents\Visual Studio 2008\Projects\DeviceManageSystem\Debug\DeviceManageSystem.exe
     1>已完成生成项目“D:\Documents\Visual Studio 2008\Projects\DeviceManageSystem\DeviceManageSystem\DeviceManageSystem.vcxproj”(Build 个目标)的操作。

生成成功。

已用时间 00:00:01.38
