D:\DOCUMENTS\VISUAL STUDIO 2008\PROJECTS\DEVICEMANAGESYSTEM\DEVICEMANAGESYSTEM\X64\DEBUG\DEVICEMANAGESYSTEM.PCH
D:\DOCUMENTS\VISUAL STUDIO 2008\PROJECTS\DEVICEMANAGESYSTEM\DEVICEMANAGESYSTEM\X64\DEBUG\STDAFX.OBJ
D:\DOCUMENTS\VISUAL STUDIO 2008\PROJECTS\DEVICEMANAGESYSTEM\DEVICEMANAGESYSTEM\X64\DEBUG\VC110.PDB
D:\DOCUMENTS\VISUAL STUDIO 2008\PROJECTS\DEVICEMANAGESYSTEM\DEVICEMANAGESYSTEM\X64\DEBUG\SETINGADDRPORT.OBJ
D:\DOCUMENTS\VISUAL STUDIO 2008\PROJECTS\DEVICEMANAGESYSTEM\DEVICEMANAGESYSTEM\X64\DEBUG\SAVEPASSWD.OBJ
D:\DOCUMENTS\VISUAL STUDIO 2008\PROJECTS\DEVICEMANAGESYSTEM\DEVICEMANAGESYSTEM\X64\DEBUG\MYLOGINRESULT.OBJ
D:\DOCUMENTS\VISUAL STUDIO 2008\PROJECTS\DEVICEMANAGESYSTEM\DEVICEMANAGESYSTEM\X64\DEBUG\MYLOGIN.OBJ
D:\DOCUMENTS\VISUAL STUDIO 2008\PROJECTS\DEVICEMANAGESYSTEM\DEVICEMANAGESYSTEM\X64\DEBUG\MYDIALOG.OBJ
D:\DOCUMENTS\VISUAL STUDIO 2008\PROJECTS\DEVICEMANAGESYSTEM\DEVICEMANAGESYSTEM\X64\DEBUG\MESSAGE.OBJ
D:\DOCUMENTS\VISUAL STUDIO 2008\PROJECTS\DEVICEMANAGESYSTEM\DEVICEMANAGESYSTEM\X64\DEBUG\DLGTAB2.OBJ
D:\DOCUMENTS\VISUAL STUDIO 2008\PROJECTS\DEVICEMANAGESYSTEM\DEVICEMANAGESYSTEM\X64\DEBUG\DLGTAB1.OBJ
D:\DOCUMENTS\VISUAL STUDIO 2008\PROJECTS\DEVICEMANAGESYSTEM\DEVICEMANAGESYSTEM\X64\DEBUG\DEVICEMANAGESYSTEMDLG.OBJ
D:\DOCUMENTS\VISUAL STUDIO 2008\PROJECTS\DEVICEMANAGESYSTEM\DEVICEMANAGESYSTEM\X64\DEBUG\DEVICEMANAGESYSTEM.OBJ
D:\DOCUMENTS\VISUAL STUDIO 2008\PROJECTS\DEVICEMANAGESYSTEM\DEVICEMANAGESYSTEM\X64\DEBUG\CLIENTSOCKET.OBJ
D:\DOCUMENTS\VISUAL STUDIO 2008\PROJECTS\DEVICEMANAGESYSTEM\X64\DEBUG\DEVICEMANAGESYSTEM.ILK
D:\DOCUMENTS\VISUAL STUDIO 2008\PROJECTS\DEVICEMANAGESYSTEM\X64\DEBUG\DEVICEMANAGESYSTEM.EXE
D:\DOCUMENTS\VISUAL STUDIO 2008\PROJECTS\DEVICEMANAGESYSTEM\X64\DEBUG\DEVICEMANAGESYSTEM.PDB
D:\DOCUMENTS\VISUAL STUDIO 2008\PROJECTS\DEVICEMANAGESYSTEM\DEVICEMANAGESYSTEM\X64\DEBUG\DEVICEMANAGESYSTEM.RES
D:\Documents\Visual Studio 2008\Projects\DeviceManageSystem\DeviceManageSystem\x64\Debug\ClientSocket.obj
D:\Documents\Visual Studio 2008\Projects\DeviceManageSystem\DeviceManageSystem\x64\Debug\DeviceManageSystem.obj
D:\Documents\Visual Studio 2008\Projects\DeviceManageSystem\DeviceManageSystem\x64\Debug\DeviceManageSystemDlg.obj
D:\Documents\Visual Studio 2008\Projects\DeviceManageSystem\DeviceManageSystem\x64\Debug\DlgTab1.obj
D:\Documents\Visual Studio 2008\Projects\DeviceManageSystem\DeviceManageSystem\x64\Debug\DlgTab2.obj
D:\Documents\Visual Studio 2008\Projects\DeviceManageSystem\DeviceManageSystem\x64\Debug\Message.obj
D:\Documents\Visual Studio 2008\Projects\DeviceManageSystem\DeviceManageSystem\x64\Debug\MyDialog.obj
D:\Documents\Visual Studio 2008\Projects\DeviceManageSystem\DeviceManageSystem\x64\Debug\MyLogin.obj
D:\Documents\Visual Studio 2008\Projects\DeviceManageSystem\DeviceManageSystem\x64\Debug\MyLoginResult.obj
D:\Documents\Visual Studio 2008\Projects\DeviceManageSystem\DeviceManageSystem\x64\Debug\SavePasswd.obj
D:\Documents\Visual Studio 2008\Projects\DeviceManageSystem\DeviceManageSystem\x64\Debug\SetingAddrPort.obj
D:\Documents\Visual Studio 2008\Projects\DeviceManageSystem\DeviceManageSystem\x64\Debug\stdafx.obj
D:\Documents\Visual Studio 2008\Projects\DeviceManageSystem\DeviceManageSystem\x64\Debug\cl.command.1.tlog
D:\Documents\Visual Studio 2008\Projects\DeviceManageSystem\DeviceManageSystem\x64\Debug\CL.read.1.tlog
D:\Documents\Visual Studio 2008\Projects\DeviceManageSystem\DeviceManageSystem\x64\Debug\CL.write.1.tlog
D:\Documents\Visual Studio 2008\Projects\DeviceManageSystem\DeviceManageSystem\x64\Debug\link-cvtres.read.1.tlog
D:\Documents\Visual Studio 2008\Projects\DeviceManageSystem\DeviceManageSystem\x64\Debug\link-cvtres.write.1.tlog
D:\Documents\Visual Studio 2008\Projects\DeviceManageSystem\DeviceManageSystem\x64\Debug\link-mt.read.1.tlog
D:\Documents\Visual Studio 2008\Projects\DeviceManageSystem\DeviceManageSystem\x64\Debug\link-mt.write.1.tlog
D:\Documents\Visual Studio 2008\Projects\DeviceManageSystem\DeviceManageSystem\x64\Debug\link-rc.read.1.tlog
D:\Documents\Visual Studio 2008\Projects\DeviceManageSystem\DeviceManageSystem\x64\Debug\link-rc.write.1.tlog
D:\Documents\Visual Studio 2008\Projects\DeviceManageSystem\DeviceManageSystem\x64\Debug\link.5208-cvtres.read.1.tlog
D:\Documents\Visual Studio 2008\Projects\DeviceManageSystem\DeviceManageSystem\x64\Debug\link.5208-cvtres.write.1.tlog
D:\Documents\Visual Studio 2008\Projects\DeviceManageSystem\DeviceManageSystem\x64\Debug\link.5208-mt.read.1.tlog
D:\Documents\Visual Studio 2008\Projects\DeviceManageSystem\DeviceManageSystem\x64\Debug\link.5208-mt.write.1.tlog
D:\Documents\Visual Studio 2008\Projects\DeviceManageSystem\DeviceManageSystem\x64\Debug\link.5208-rc.read.1.tlog
D:\Documents\Visual Studio 2008\Projects\DeviceManageSystem\DeviceManageSystem\x64\Debug\link.5208-rc.write.1.tlog
D:\Documents\Visual Studio 2008\Projects\DeviceManageSystem\DeviceManageSystem\x64\Debug\link.5208.read.1.tlog
D:\Documents\Visual Studio 2008\Projects\DeviceManageSystem\DeviceManageSystem\x64\Debug\link.5208.write.1.tlog
D:\Documents\Visual Studio 2008\Projects\DeviceManageSystem\DeviceManageSystem\x64\Debug\link.command.1.tlog
D:\Documents\Visual Studio 2008\Projects\DeviceManageSystem\DeviceManageSystem\x64\Debug\link.read.1.tlog
D:\Documents\Visual Studio 2008\Projects\DeviceManageSystem\DeviceManageSystem\x64\Debug\link.write.1.tlog
D:\Documents\Visual Studio 2008\Projects\DeviceManageSystem\DeviceManageSystem\x64\Debug\rc.command.1.tlog
D:\Documents\Visual Studio 2008\Projects\DeviceManageSystem\DeviceManageSystem\x64\Debug\rc.read.1.tlog
D:\Documents\Visual Studio 2008\Projects\DeviceManageSystem\DeviceManageSystem\x64\Debug\rc.write.1.tlog
D:\Documents\Visual Studio 2008\Projects\DeviceManageSystem\DeviceManageSystem\x64\Debug\DeviceManageSystem.res
D:\Documents\Visual Studio 2008\Projects\DeviceManageSystem\DeviceManageSystem\x64\Debug\DeviceManageSystem.pch
D:\Documents\Visual Studio 2008\Projects\DeviceManageSystem\DeviceManageSystem\x64\Debug\vc110.pdb
D:\Documents\Visual Studio 2008\Projects\DeviceManageSystem\x64\Debug\DeviceManageSystem.pdb
D:\Documents\Visual Studio 2008\Projects\DeviceManageSystem\x64\Debug\DeviceManageSystem.exe
D:\Documents\Visual Studio 2008\Projects\DeviceManageSystem\x64\Debug\DeviceManageSystem.ilk
