生成启动时间为 2014/1/5 16:08:02。
     1>项目“D:\Documents\Visual Studio 2008\Projects\DeviceManageSystem\DeviceManageSystem\DeviceManageSystem.vcxproj”在节点 2 上(Build 个目标)。
     1>ClCompile:
         C:\Program Files (x86)\Microsoft Visual Studio 11.0\VC\bin\x86_amd64\CL.exe /c /Zi /nologo /W3 /WX- /Od /D WIN32 /D _WINDOWS /D _DEBUG /D _MBCS /D _AFXDLL /Gm- /EHsc /RTC1 /MDd /GS /fp:precise /Zc:wchar_t /Zc:forScope /Yu"stdafx.h" /Fp"x64\Debug\DeviceManageSystem.pch" /Fo"x64\Debug\\" /Fd"x64\Debug\vc110.pdb" /Gd /TP /errorReport:prompt ChangePasswd.cpp
         ChangePasswd.cpp
     1>d:\documents\visual studio 2008\projects\devicemanagesystem\devicemanagesystem\GConst.h(8): warning C4091: “typedef ”: 没有声明变量时忽略“TreeItemData”的左侧
     1>d:\documents\visual studio 2008\projects\devicemanagesystem\devicemanagesystem\GConst.h(14): warning C4091: “typedef ”: 没有声明变量时忽略“TreeItemDataHead”的左侧
     1>d:\documents\visual studio 2008\projects\devicemanagesystem\devicemanagesystem\GConst.h(24): warning C4091: “typedef ”: 没有声明变量时忽略“UserName”的左侧
       Link:
         C:\Program Files (x86)\Microsoft Visual Studio 11.0\VC\bin\x86_amd64\link.exe /ERRORREPORT:PROMPT /OUT:"D:\Documents\Visual Studio 2008\Projects\DeviceManageSystem\x64\Debug\DeviceManageSystem.exe" /INCREMENTAL /NOLOGO /MANIFEST /MANIFESTUAC:"level='asInvoker' uiAccess='false'" /manifest:embed /manifestinput:"C:\Program Files (x86)\Microsoft Visual Studio 11.0\VC\Include\Manifest\dpiaware.manifest" /DEBUG /PDB:"D:\Documents\Visual Studio 2008\Projects\DeviceManageSystem\x64\Debug\DeviceManageSystem.pdb" /SUBSYSTEM:WINDOWS /TLBID:1 /DYNAMICBASE /NXCOMPAT /IMPLIB:"D:\Documents\Visual Studio 2008\Projects\DeviceManageSystem\x64\Debug\DeviceManageSystem.lib" /MACHINE:X64 x64\Debug\DeviceManageSystem.res
         x64\Debug\ChangePasswd.obj
         x64\Debug\ClientSocket.obj
         x64\Debug\DeviceManageSystem.obj
         x64\Debug\DeviceManageSystemDlg.obj
         x64\Debug\Message.obj
         x64\Debug\MyDialog.obj
         x64\Debug\MyLogin.obj
         x64\Debug\MyLoginResult.obj
         x64\Debug\RecvUserInfo.obj
         x64\Debug\SavePasswd.obj
         x64\Debug\SetingAddrPort.obj
         x64\Debug\stdafx.obj
         x64\Debug\UserInfoMage.obj
         DeviceManageSystem.vcxproj -> D:\Documents\Visual Studio 2008\Projects\DeviceManageSystem\x64\Debug\DeviceManageSystem.exe
     1>已完成生成项目“D:\Documents\Visual Studio 2008\Projects\DeviceManageSystem\DeviceManageSystem\DeviceManageSystem.vcxproj”(Build 个目标)的操作。

生成成功。

已用时间 00:00:00.79
